0 -0.0881862 -0.223678 -0.929536 -1
1 -0.566275 -0.541542 -0.899938 0
2 -0.616166 -1.19613 -1.0551 1
3 -0.614267 -1.74914 -1.16717 2
4 -0.86033 -1.84008 -0.670307 3
5 -0.0871545 0.0924213 -0.927642 0
6 -0.0640778 0.577047 -0.846801 5
7 -0.113935 1.09478 -0.921801 6
8 0.267937 0.551273 -0.789762 6
9 0.578372 0.536381 -0.666565 8
10 0.824687 0.573724 -0.517252 9
11 1.07611 0.735785 -0.0939775 10
12 1.21808 0.700675 0.158607 11
13 -0.370623 0.532531 -0.852921 6
14 -0.675322 0.48007 -0.770522 13
15 -0.936812 0.474334 -0.677436 14
16 -1.26404 0.784372 -0.351252 15
17 -1.45527 0.892911 0.0528238 16
18 0.3686 -0.428869 -0.978191 0
19 0.617329 -1.04685 -0.899962 18
20 0.593214 -1.71593 -1.08845 19
21 0.982818 -1.82164 -0.622992 20
